[     164ms] [ERROR] Failed to load resource: the server responded with a status of 404 (Not Found) @ http://localhost:3000/favicon.ico:0
[     184ms] [ERROR] Access to fetch at 'http://localhost:3001/api/v1/sessions/current' from origin 'http://localhost:3000' has been blocked by CORS policy: No 'Access-Control-Allow-Origin' header is present on the requested resource. @ http://localhost:3000/:0
[     184ms] [ERROR] Failed to load resource: net::ERR_FAILED @ http://localhost:3001/api/v1/sessions/current:0
[     184ms] [ERROR] TypeError: Failed to fetch
    at http://localhost:3000/_next/static/chunks/app/page-f6edb8e03d9718e1.js:1:5634
    at o1 (http://localhost:3000/_next/static/chunks/8e6518bb-c26e82767f1faf66.js:1:88951)
    at uE (http://localhost:3000/_next/static/chunks/8e6518bb-c26e82767f1faf66.js:1:104843)
    at ux (http://localhost:3000/_next/static/chunks/8e6518bb-c26e82767f1faf66.js:1:104727)
    at uE (http://localhost:3000/_next/static/chunks/8e6518bb-c26e82767f1faf66.js:1:104888)
    at ux (http://localhost:3000/_next/static/chunks/8e6518bb-c26e82767f1faf66.js:1:104727)
    at uE (http://localhost:3000/_next/static/chunks/8e6518bb-c26e82767f1faf66.js:1:104888)
    at ux (http://localhost:3000/_next/static/chunks/8e6518bb-c26e82767f1faf66.js:1:104727)
    at uE (http://localhost:3000/_next/static/chunks/8e6518bb-c26e82767f1faf66.js:1:104823)
    at ux (http://localhost:3000/_next/static/chunks/8e6518bb-c26e82767f1faf66.js:1:104727) @ :0
[     491ms] [WARNING] The ScriptProcessorNode is deprecated. Use AudioWorkletNode instead. (https://bit.ly/audio-worklet) @ http://localhost:3000/_next/static/chunks/284.4a1378fa3760b580.js:324
[   20154ms] [WARNING] WebSocket connection to 'ws://localhost:3001/socket.io/?EIO=4&transport=websocket' failed: WebSocket is closed before the connection is established. @ http://localhost:3000/_next/static/chunks/734-a71a9b7ac753ec31.js:0
[   41509ms] [WARNING] WebSocket connection to 'ws://localhost:3001/socket.io/?EIO=4&transport=websocket' failed: WebSocket is closed before the connection is established. @ http://localhost:3000/_next/static/chunks/734-a71a9b7ac753ec31.js:0
[   62881ms] [WARNING] WebSocket connection to 'ws://localhost:3001/socket.io/?EIO=4&transport=websocket' failed: WebSocket is closed before the connection is established. @ http://localhost:3000/_next/static/chunks/734-a71a9b7ac753ec31.js:0
[   87663ms] [WARNING] WebSocket connection to 'ws://localhost:3001/socket.io/?EIO=4&transport=websocket' failed: WebSocket is closed before the connection is established. @ http://localhost:3000/_next/static/chunks/734-a71a9b7ac753ec31.js:0
[  112666ms] [WARNING] WebSocket connection to 'ws://localhost:3001/socket.io/?EIO=4&transport=websocket' failed: WebSocket is closed before the connection is established. @ http://localhost:3000/_next/static/chunks/734-a71a9b7ac753ec31.js:0
[  137670ms] [WARNING] WebSocket connection to 'ws://localhost:3001/socket.io/?EIO=4&transport=websocket' failed: WebSocket is closed before the connection is established. @ http://localhost:3000/_next/static/chunks/734-a71a9b7ac753ec31.js:0
[  162671ms] [WARNING] WebSocket connection to 'ws://localhost:3001/socket.io/?EIO=4&transport=websocket' failed: WebSocket is closed before the connection is established. @ http://localhost:3000/_next/static/chunks/734-a71a9b7ac753ec31.js:0
[  187673ms] [WARNING] WebSocket connection to 'ws://localhost:3001/socket.io/?EIO=4&transport=websocket' failed: WebSocket is closed before the connection is established. @ http://localhost:3000/_next/static/chunks/734-a71a9b7ac753ec31.js:0
[  212677ms] [WARNING] WebSocket connection to 'ws://localhost:3001/socket.io/?EIO=4&transport=websocket' failed: WebSocket is closed before the connection is established. @ http://localhost:3000/_next/static/chunks/734-a71a9b7ac753ec31.js:0
